

Started GET "/" for 127.0.0.1 at 2016-08-03 20:48:58 -0700
  [1m[36mActiveRecord::SchemaMigration Load (0.4ms)[0m  [1mSELECT "schema_migrations".* FROM "schema_migrations"[0m

ActiveRecord::PendingMigrationError - 

Migrations are pending. To resolve this issue, run:

	bin/rake db:migrate RAILS_ENV=development

:
  activerecord (4.1.6) lib/active_record/migration.rb:389:in `check_pending!'
  activerecord (4.1.6) lib/active_record/migration.rb:377:in `call'
  actionpack (4.1.6) lib/action_dispatch/middleware/callbacks.rb:29:in `block in call'
  activesupport (4.1.6) lib/active_support/callbacks.rb:82:in `run_callbacks'
  actionpack (4.1.6) lib/action_dispatch/middleware/callbacks.rb:27:in `call'
  actionpack (4.1.6) lib/action_dispatch/middleware/reloader.rb:73:in `call'
  actionpack (4.1.6) lib/action_dispatch/middleware/remote_ip.rb:76:in `call'
  better_errors (2.1.1) lib/better_errors/middleware.rb:84:in `protected_app_call'
  better_errors (2.1.1) lib/better_errors/middleware.rb:79:in `better_errors_call'
  better_errors (2.1.1) lib/better_errors/middleware.rb:57:in `call'
  actionpack (4.1.6) lib/action_dispatch/middleware/debug_exceptions.rb:17:in `call'
  actionpack (4.1.6) lib/action_dispatch/middleware/show_exceptions.rb:30:in `call'
  railties (4.1.6) lib/rails/rack/logger.rb:38:in `call_app'
  railties (4.1.6) lib/rails/rack/logger.rb:20:in `block in call'
  activesupport (4.1.6) lib/active_support/tagged_logging.rb:68:in `block in tagged'
  activesupport (4.1.6) lib/active_support/tagged_logging.rb:26:in `tagged'
  activesupport (4.1.6) lib/active_support/tagged_logging.rb:68:in `tagged'
  railties (4.1.6) lib/rails/rack/logger.rb:20:in `call'
  actionpack (4.1.6) lib/action_dispatch/middleware/request_id.rb:21:in `call'
  rack (1.5.5) lib/rack/methodoverride.rb:21:in `call'
  rack (1.5.5) lib/rack/runtime.rb:17:in `call'
  activesupport (4.1.6) lib/active_support/cache/strategy/local_cache_middleware.rb:26:in `call'
  rack (1.5.5) lib/rack/lock.rb:17:in `call'
  actionpack (4.1.6) lib/action_dispatch/middleware/static.rb:64:in `call'
  rack (1.5.5) lib/rack/sendfile.rb:112:in `call'
  railties (4.1.6) lib/rails/engine.rb:514:in `call'
  railties (4.1.6) lib/rails/application.rb:144:in `call'
  rack (1.5.5) lib/rack/lock.rb:17:in `call'
  rack (1.5.5) lib/rack/content_length.rb:14:in `call'
  rack (1.5.5) lib/rack/handler/webrick.rb:60:in `service'
  /Users/Jo/.rbenv/versions/2.3.0/lib/ruby/2.3.0/webrick/httpserver.rb:140:in `service'
  /Users/Jo/.rbenv/versions/2.3.0/lib/ruby/2.3.0/webrick/httpserver.rb:96:in `run'
  /Users/Jo/.rbenv/versions/2.3.0/lib/ruby/2.3.0/webrick/server.rb:296:in `block in start_thread'



Started POST "/__better_errors/a0e2c26d7f5a6efc/variables" for 127.0.0.1 at 2016-08-03 20:48:58 -0700
  [1m[36mSQL (0.3ms)[0m  [1mCREATE EXTENSION IF NOT EXISTS "plpgsql"[0m
  [1m[35m (5.2ms)[0m  DROP TABLE "cat_rental_requests"
  [1m[36m (4.6ms)[0m  [1mCREATE TABLE "cat_rental_requests" ("id" serial primary key, "cat_id" integer NOT NULL, "end_date" date NOT NULL, "start_date" date NOT NULL, "status" character varying(255) NOT NULL, "created_at" timestamp, "updated_at" timestamp, "user_id" integer NOT NULL) [0m
  [1m[35m (1.0ms)[0m  CREATE  INDEX  "index_cat_rental_requests_on_cat_id" ON "cat_rental_requests" USING btree ("cat_id")
  [1m[36m (0.9ms)[0m  [1mCREATE  INDEX  "index_cat_rental_requests_on_user_id" ON "cat_rental_requests" USING btree ("user_id")[0m
  [1m[35m (2.4ms)[0m  DROP TABLE "cats"
  [1m[36m (4.7ms)[0m  [1mCREATE TABLE "cats" ("id" serial primary key, "birth_date" date NOT NULL, "color" character varying(255) NOT NULL, "name" character varying(255) NOT NULL, "sex" character varying(1) NOT NULL, "description" text, "created_at" timestamp, "updated_at" timestamp, "user_id" integer NOT NULL) [0m
  [1m[35m (1.1ms)[0m  CREATE  INDEX  "index_cats_on_user_id" ON "cats" USING btree ("user_id")
  [1m[36m (2.1ms)[0m  [1mDROP TABLE "users"[0m
  [1m[35m (3.5ms)[0m  CREATE TABLE "users" ("id" serial primary key, "user_name" character varying(255) NOT NULL, "password_digest" character varying(255) NOT NULL, "session_token" character varying(255) NOT NULL, "created_at" timestamp, "updated_at" timestamp) 
  [1m[36m (1.3ms)[0m  [1mCREATE UNIQUE INDEX  "index_users_on_session_token" ON "users" USING btree ("session_token")[0m
  [1m[35m (1.1ms)[0m  CREATE UNIQUE INDEX  "index_users_on_user_name" ON "users" USING btree ("user_name")
  [1m[36m (0.4ms)[0m  [1mSELECT version FROM "schema_migrations"[0m
  [1m[35m (0.5ms)[0m  INSERT INTO "schema_migrations" (version) VALUES ('20160803225419')
  [1m[36m (0.3ms)[0m  [1mINSERT INTO "schema_migrations" (version) VALUES ('20160803204224')[0m
  [1m[35m (0.3ms)[0m  INSERT INTO "schema_migrations" (version) VALUES ('20160803221205')
  [1m[36mActiveRecord::SchemaMigration Load (0.2ms)[0m  [1mSELECT "schema_migrations".* FROM "schema_migrations"[0m


Started GET "/" for 127.0.0.1 at 2016-08-03 20:49:33 -0700
  [1m[36mActiveRecord::SchemaMigration Load (0.4ms)[0m  [1mSELECT "schema_migrations".* FROM "schema_migrations"[0m


Started GET "/cats" for 127.0.0.1 at 2016-08-03 20:49:33 -0700
Processing by CatsController#index as HTML
  [1m[35mCat Load (0.9ms)[0m  SELECT "cats".* FROM "cats"
  Rendered cats/index.html.erb within layouts/application (2.9ms)
  [1m[36mUser Load (0.8ms)[0m  [1mSELECT  "users".* FROM "users"  WHERE "users"."session_token" IS NULL LIMIT 1[0m
Completed 200 OK in 841ms (Views: 827.8ms | ActiveRecord: 1.8ms)


Started GET "/assets/cat_rental_requests.css?body=1" for 127.0.0.1 at 2016-08-03 20:49:34 -0700


Started GET "/assets/sessions.css?body=1" for 127.0.0.1 at 2016-08-03 20:49:34 -0700


Started GET "/assets/application.css?body=1" for 127.0.0.1 at 2016-08-03 20:49:34 -0700


Started GET "/assets/cats.css?body=1" for 127.0.0.1 at 2016-08-03 20:49:34 -0700


Started GET "/assets/users.css?body=1" for 127.0.0.1 at 2016-08-03 20:49:34 -0700


Started GET "/assets/jquery.js?body=1" for 127.0.0.1 at 2016-08-03 20:49:34 -0700


Started GET "/assets/jquery_ujs.js?body=1" for 127.0.0.1 at 2016-08-03 20:49:34 -0700


Started GET "/assets/turbolinks.js?body=1" for 127.0.0.1 at 2016-08-03 20:49:34 -0700


Started GET "/assets/cat_rental_requests.js?body=1" for 127.0.0.1 at 2016-08-03 20:49:34 -0700


Started GET "/assets/cats.js?body=1" for 127.0.0.1 at 2016-08-03 20:49:34 -0700


Started GET "/assets/sessions.js?body=1" for 127.0.0.1 at 2016-08-03 20:49:34 -0700


Started GET "/assets/users.js?body=1" for 127.0.0.1 at 2016-08-03 20:49:34 -0700


Started GET "/assets/application.js?body=1" for 127.0.0.1 at 2016-08-03 20:49:34 -0700


Started GET "/cats" for 127.0.0.1 at 2016-08-03 20:52:12 -0700
Processing by CatsController#index as HTML
  [1m[35mCat Load (0.4ms)[0m  SELECT "cats".* FROM "cats"
  Rendered cats/index.html.erb within layouts/application (1.4ms)
  [1m[36mUser Load (0.5ms)[0m  [1mSELECT  "users".* FROM "users"  WHERE "users"."session_token" IS NULL LIMIT 1[0m
Completed 200 OK in 69ms (Views: 67.4ms | ActiveRecord: 0.9ms)


Started GET "/assets/cat_rental_requests.css?body=1" for 127.0.0.1 at 2016-08-03 20:52:12 -0700


Started GET "/assets/sessions.css?body=1" for 127.0.0.1 at 2016-08-03 20:52:12 -0700


Started GET "/assets/jquery.js?body=1" for 127.0.0.1 at 2016-08-03 20:52:12 -0700


Started GET "/assets/cats.css?body=1" for 127.0.0.1 at 2016-08-03 20:52:12 -0700


Started GET "/assets/users.css?body=1" for 127.0.0.1 at 2016-08-03 20:52:12 -0700


Started GET "/assets/application.css?body=1" for 127.0.0.1 at 2016-08-03 20:52:12 -0700


Started GET "/assets/jquery_ujs.js?body=1" for 127.0.0.1 at 2016-08-03 20:52:12 -0700


Started GET "/assets/turbolinks.js?body=1" for 127.0.0.1 at 2016-08-03 20:52:12 -0700


Started GET "/assets/cat_rental_requests.js?body=1" for 127.0.0.1 at 2016-08-03 20:52:12 -0700


Started GET "/assets/cats.js?body=1" for 127.0.0.1 at 2016-08-03 20:52:12 -0700


Started GET "/assets/sessions.js?body=1" for 127.0.0.1 at 2016-08-03 20:52:12 -0700


Started GET "/assets/users.js?body=1" for 127.0.0.1 at 2016-08-03 20:52:12 -0700


Started GET "/assets/application.js?body=1" for 127.0.0.1 at 2016-08-03 20:52:12 -0700


Started GET "/cats/new" for 127.0.0.1 at 2016-08-03 20:52:14 -0700
Processing by CatsController#new as HTML
  Rendered shared/_errors.html.erb (0.4ms)
  Rendered cats/_form.html.erb (3.9ms)
  Rendered cats/new.html.erb within layouts/application (7.9ms)
  [1m[35mUser Load (0.4ms)[0m  SELECT  "users".* FROM "users"  WHERE "users"."session_token" IS NULL LIMIT 1
Completed 200 OK in 67ms (Views: 61.5ms | ActiveRecord: 4.0ms)


Started GET "/" for 127.0.0.1 at 2016-08-04 07:34:48 -0700

PG::ConnectionBad - could not connect to server: Connection refused
	Is the server running on host "127.0.0.1" and accepting
	TCP/IP connections on port 5432?
:
  activerecord (4.1.6) lib/active_record/connection_adapters/postgresql_adapter.rb:888:in `connect'
  activerecord (4.1.6) lib/active_record/connection_adapters/postgresql_adapter.rb:568:in `initialize'
  activerecord (4.1.6) lib/active_record/connection_adapters/postgresql_adapter.rb:41:in `postgresql_connection'
  activerecord (4.1.6) lib/active_record/connection_adapters/abstract/connection_pool.rb:435:in `new_connection'
  activerecord (4.1.6) lib/active_record/connection_adapters/abstract/connection_pool.rb:445:in `checkout_new_connection'
  activerecord (4.1.6) lib/active_record/connection_adapters/abstract/connection_pool.rb:416:in `acquire_connection'
  activerecord (4.1.6) lib/active_record/connection_adapters/abstract/connection_pool.rb:351:in `block in checkout'
  /Users/Jo/.rbenv/versions/2.3.0/lib/ruby/2.3.0/monitor.rb:214:in `mon_synchronize'
  activerecord (4.1.6) lib/active_record/connection_adapters/abstract/connection_pool.rb:350:in `checkout'
  activerecord (4.1.6) lib/active_record/connection_adapters/abstract/connection_pool.rb:265:in `block in connection'
  /Users/Jo/.rbenv/versions/2.3.0/lib/ruby/2.3.0/monitor.rb:214:in `mon_synchronize'
  activerecord (4.1.6) lib/active_record/connection_adapters/abstract/connection_pool.rb:264:in `connection'
  activerecord (4.1.6) lib/active_record/connection_adapters/abstract/connection_pool.rb:541:in `retrieve_connection'
  activerecord (4.1.6) lib/active_record/connection_handling.rb:113:in `retrieve_connection'
  activerecord (4.1.6) lib/active_record/connection_handling.rb:87:in `connection'
  activerecord (4.1.6) lib/active_record/migration.rb:388:in `check_pending!'
  activerecord (4.1.6) lib/active_record/migration.rb:377:in `call'
  actionpack (4.1.6) lib/action_dispatch/middleware/callbacks.rb:29:in `block in call'
  activesupport (4.1.6) lib/active_support/callbacks.rb:82:in `run_callbacks'
  actionpack (4.1.6) lib/action_dispatch/middleware/callbacks.rb:27:in `call'
  actionpack (4.1.6) lib/action_dispatch/middleware/reloader.rb:73:in `call'
  actionpack (4.1.6) lib/action_dispatch/middleware/remote_ip.rb:76:in `call'
  better_errors (2.1.1) lib/better_errors/middleware.rb:84:in `protected_app_call'
  better_errors (2.1.1) lib/better_errors/middleware.rb:79:in `better_errors_call'
  better_errors (2.1.1) lib/better_errors/middleware.rb:57:in `call'
  actionpack (4.1.6) lib/action_dispatch/middleware/debug_exceptions.rb:17:in `call'
  actionpack (4.1.6) lib/action_dispatch/middleware/show_exceptions.rb:30:in `call'
  railties (4.1.6) lib/rails/rack/logger.rb:38:in `call_app'
  railties (4.1.6) lib/rails/rack/logger.rb:20:in `block in call'
  activesupport (4.1.6) lib/active_support/tagged_logging.rb:68:in `block in tagged'
  activesupport (4.1.6) lib/active_support/tagged_logging.rb:26:in `tagged'
  activesupport (4.1.6) lib/active_support/tagged_logging.rb:68:in `tagged'
  railties (4.1.6) lib/rails/rack/logger.rb:20:in `call'
  actionpack (4.1.6) lib/action_dispatch/middleware/request_id.rb:21:in `call'
  rack (1.5.5) lib/rack/methodoverride.rb:21:in `call'
  rack (1.5.5) lib/rack/runtime.rb:17:in `call'
  activesupport (4.1.6) lib/active_support/cache/strategy/local_cache_middleware.rb:26:in `call'
  rack (1.5.5) lib/rack/lock.rb:17:in `call'
  actionpack (4.1.6) lib/action_dispatch/middleware/static.rb:64:in `call'
  rack (1.5.5) lib/rack/sendfile.rb:112:in `call'
  railties (4.1.6) lib/rails/engine.rb:514:in `call'
  railties (4.1.6) lib/rails/application.rb:144:in `call'
  rack (1.5.5) lib/rack/lock.rb:17:in `call'
  rack (1.5.5) lib/rack/content_length.rb:14:in `call'
  rack (1.5.5) lib/rack/handler/webrick.rb:60:in `service'
  /Users/Jo/.rbenv/versions/2.3.0/lib/ruby/2.3.0/webrick/httpserver.rb:140:in `service'
  /Users/Jo/.rbenv/versions/2.3.0/lib/ruby/2.3.0/webrick/httpserver.rb:96:in `run'
  /Users/Jo/.rbenv/versions/2.3.0/lib/ruby/2.3.0/webrick/server.rb:296:in `block in start_thread'



Started POST "/__better_errors/2058c727a1aa4ada/variables" for 127.0.0.1 at 2016-08-04 07:34:49 -0700


Started GET "/" for 127.0.0.1 at 2016-08-04 07:35:00 -0700

PG::ConnectionBad - could not connect to server: Connection refused
	Is the server running on host "127.0.0.1" and accepting
	TCP/IP connections on port 5432?
:
  activerecord (4.1.6) lib/active_record/connection_adapters/postgresql_adapter.rb:888:in `connect'
  activerecord (4.1.6) lib/active_record/connection_adapters/postgresql_adapter.rb:568:in `initialize'
  activerecord (4.1.6) lib/active_record/connection_adapters/postgresql_adapter.rb:41:in `postgresql_connection'
  activerecord (4.1.6) lib/active_record/connection_adapters/abstract/connection_pool.rb:435:in `new_connection'
  activerecord (4.1.6) lib/active_record/connection_adapters/abstract/connection_pool.rb:445:in `checkout_new_connection'
  activerecord (4.1.6) lib/active_record/connection_adapters/abstract/connection_pool.rb:416:in `acquire_connection'
  activerecord (4.1.6) lib/active_record/connection_adapters/abstract/connection_pool.rb:351:in `block in checkout'
  /Users/Jo/.rbenv/versions/2.3.0/lib/ruby/2.3.0/monitor.rb:214:in `mon_synchronize'
  activerecord (4.1.6) lib/active_record/connection_adapters/abstract/connection_pool.rb:350:in `checkout'
  activerecord (4.1.6) lib/active_record/connection_adapters/abstract/connection_pool.rb:265:in `block in connection'
  /Users/Jo/.rbenv/versions/2.3.0/lib/ruby/2.3.0/monitor.rb:214:in `mon_synchronize'
  activerecord (4.1.6) lib/active_record/connection_adapters/abstract/connection_pool.rb:264:in `connection'
  activerecord (4.1.6) lib/active_record/connection_adapters/abstract/connection_pool.rb:541:in `retrieve_connection'
  activerecord (4.1.6) lib/active_record/connection_handling.rb:113:in `retrieve_connection'
  activerecord (4.1.6) lib/active_record/connection_handling.rb:87:in `connection'
  activerecord (4.1.6) lib/active_record/migration.rb:388:in `check_pending!'
  activerecord (4.1.6) lib/active_record/migration.rb:377:in `call'
  actionpack (4.1.6) lib/action_dispatch/middleware/callbacks.rb:29:in `block in call'
  activesupport (4.1.6) lib/active_support/callbacks.rb:82:in `run_callbacks'
  actionpack (4.1.6) lib/action_dispatch/middleware/callbacks.rb:27:in `call'
  actionpack (4.1.6) lib/action_dispatch/middleware/reloader.rb:73:in `call'
  actionpack (4.1.6) lib/action_dispatch/middleware/remote_ip.rb:76:in `call'
  better_errors (2.1.1) lib/better_errors/middleware.rb:84:in `protected_app_call'
  better_errors (2.1.1) lib/better_errors/middleware.rb:79:in `better_errors_call'
  better_errors (2.1.1) lib/better_errors/middleware.rb:57:in `call'
  actionpack (4.1.6) lib/action_dispatch/middleware/debug_exceptions.rb:17:in `call'
  actionpack (4.1.6) lib/action_dispatch/middleware/show_exceptions.rb:30:in `call'
  railties (4.1.6) lib/rails/rack/logger.rb:38:in `call_app'
  railties (4.1.6) lib/rails/rack/logger.rb:20:in `block in call'
  activesupport (4.1.6) lib/active_support/tagged_logging.rb:68:in `block in tagged'
  activesupport (4.1.6) lib/active_support/tagged_logging.rb:26:in `tagged'
  activesupport (4.1.6) lib/active_support/tagged_logging.rb:68:in `tagged'
  railties (4.1.6) lib/rails/rack/logger.rb:20:in `call'
  actionpack (4.1.6) lib/action_dispatch/middleware/request_id.rb:21:in `call'
  rack (1.5.5) lib/rack/methodoverride.rb:21:in `call'
  rack (1.5.5) lib/rack/runtime.rb:17:in `call'
  activesupport (4.1.6) lib/active_support/cache/strategy/local_cache_middleware.rb:26:in `call'
  rack (1.5.5) lib/rack/lock.rb:17:in `call'
  actionpack (4.1.6) lib/action_dispatch/middleware/static.rb:64:in `call'
  rack (1.5.5) lib/rack/sendfile.rb:112:in `call'
  railties (4.1.6) lib/rails/engine.rb:514:in `call'
  railties (4.1.6) lib/rails/application.rb:144:in `call'
  rack (1.5.5) lib/rack/lock.rb:17:in `call'
  rack (1.5.5) lib/rack/content_length.rb:14:in `call'
  rack (1.5.5) lib/rack/handler/webrick.rb:60:in `service'
  /Users/Jo/.rbenv/versions/2.3.0/lib/ruby/2.3.0/webrick/httpserver.rb:140:in `service'
  /Users/Jo/.rbenv/versions/2.3.0/lib/ruby/2.3.0/webrick/httpserver.rb:96:in `run'
  /Users/Jo/.rbenv/versions/2.3.0/lib/ruby/2.3.0/webrick/server.rb:296:in `block in start_thread'



Started POST "/__better_errors/36a8eb9e6c70d20e/variables" for 127.0.0.1 at 2016-08-04 07:35:00 -0700


Started GET "/" for 127.0.0.1 at 2016-08-04 07:35:13 -0700
  [1m[36mActiveRecord::SchemaMigration Load (1.7ms)[0m  [1mSELECT "schema_migrations".* FROM "schema_migrations"[0m


Started GET "/cats" for 127.0.0.1 at 2016-08-04 07:35:13 -0700
Processing by CatsController#index as HTML
  [1m[35mCat Load (2.1ms)[0m  SELECT "cats".* FROM "cats"
  Rendered cats/index.html.erb within layouts/application (4.4ms)
  [1m[36mUser Load (1.8ms)[0m  [1mSELECT  "users".* FROM "users"  WHERE "users"."session_token" IS NULL LIMIT 1[0m
Completed 200 OK in 156ms (Views: 136.1ms | ActiveRecord: 3.9ms)


Started GET "/assets/cat_rental_requests.css?body=1" for 127.0.0.1 at 2016-08-04 07:35:13 -0700


Started GET "/assets/sessions.css?body=1" for 127.0.0.1 at 2016-08-04 07:35:13 -0700


Started GET "/assets/cats.css?body=1" for 127.0.0.1 at 2016-08-04 07:35:13 -0700


Started GET "/assets/users.css?body=1" for 127.0.0.1 at 2016-08-04 07:35:13 -0700


Started GET "/assets/application.css?body=1" for 127.0.0.1 at 2016-08-04 07:35:13 -0700


Started GET "/assets/jquery.js?body=1" for 127.0.0.1 at 2016-08-04 07:35:13 -0700


Started GET "/assets/cat_rental_requests.js?body=1" for 127.0.0.1 at 2016-08-04 07:35:13 -0700


Started GET "/assets/jquery_ujs.js?body=1" for 127.0.0.1 at 2016-08-04 07:35:13 -0700


Started GET "/assets/turbolinks.js?body=1" for 127.0.0.1 at 2016-08-04 07:35:13 -0700


Started GET "/assets/cats.js?body=1" for 127.0.0.1 at 2016-08-04 07:35:13 -0700


Started GET "/assets/sessions.js?body=1" for 127.0.0.1 at 2016-08-04 07:35:13 -0700


Started GET "/assets/users.js?body=1" for 127.0.0.1 at 2016-08-04 07:35:13 -0700


Started GET "/assets/application.js?body=1" for 127.0.0.1 at 2016-08-04 07:35:13 -0700


Started GET "/users/new" for 127.0.0.1 at 2016-08-04 07:35:17 -0700
Processing by UsersController#new as HTML
  [1m[35mUser Load (0.4ms)[0m  SELECT  "users".* FROM "users"  WHERE "users"."session_token" IS NULL LIMIT 1
  Rendered users/new.html.erb within layouts/application (0.6ms)
  [1m[36mCACHE (0.0ms)[0m  [1mSELECT  "users".* FROM "users"  WHERE "users"."session_token" IS NULL LIMIT 1[0m
Completed 200 OK in 62ms (Views: 49.3ms | ActiveRecord: 7.7ms)


Started GET "/assets/cat_rental_requests.css?body=1" for 127.0.0.1 at 2016-08-04 07:35:17 -0700


Started GET "/assets/sessions.css?body=1" for 127.0.0.1 at 2016-08-04 07:35:17 -0700


Started GET "/assets/application.css?body=1" for 127.0.0.1 at 2016-08-04 07:35:17 -0700


Started GET "/assets/jquery.js?body=1" for 127.0.0.1 at 2016-08-04 07:35:17 -0700


Started GET "/assets/cats.css?body=1" for 127.0.0.1 at 2016-08-04 07:35:17 -0700


Started GET "/assets/users.css?body=1" for 127.0.0.1 at 2016-08-04 07:35:17 -0700


Started GET "/assets/jquery_ujs.js?body=1" for 127.0.0.1 at 2016-08-04 07:35:17 -0700


Started GET "/assets/turbolinks.js?body=1" for 127.0.0.1 at 2016-08-04 07:35:17 -0700


Started GET "/assets/cat_rental_requests.js?body=1" for 127.0.0.1 at 2016-08-04 07:35:17 -0700


Started GET "/assets/cats.js?body=1" for 127.0.0.1 at 2016-08-04 07:35:17 -0700


Started GET "/assets/sessions.js?body=1" for 127.0.0.1 at 2016-08-04 07:35:17 -0700


Started GET "/assets/users.js?body=1" for 127.0.0.1 at 2016-08-04 07:35:17 -0700


Started GET "/assets/application.js?body=1" for 127.0.0.1 at 2016-08-04 07:35:17 -0700


Started POST "/users" for 127.0.0.1 at 2016-08-04 07:35:21 -0700
Processing by UsersController#create as HTML
  Parameters: {"authenticity_token"=>"zay364I/MlDe94Tf7PYJpCwy5aHRfsXTOkvoqHELc/I=", "user"=>{"user_name"=>"dsfdds", "password"=>"[FILTERED]"}}
  [1m[35mUser Load (0.5ms)[0m  SELECT  "users".* FROM "users"  WHERE "users"."session_token" IS NULL LIMIT 1
  [1m[36m (0.3ms)[0m  [1mBEGIN[0m
  [1m[35mUser Exists (1.8ms)[0m  SELECT  1 AS one FROM "users"  WHERE "users"."user_name" = 'dsfdds' LIMIT 1
  [1m[36mUser Exists (0.3ms)[0m  [1mSELECT  1 AS one FROM "users"  WHERE "users"."session_token" = 'd9NOZSLnKJ043HCwfRNmDgB3abqhAU5SKEUs5mxcWOM' LIMIT 1[0m
  [1m[35mSQL (1.6ms)[0m  INSERT INTO "users" ("created_at", "password_digest", "session_token", "updated_at", "user_name") VALUES ($1, $2, $3, $4, $5) RETURNING "id"  [["created_at", "2016-08-04 14:35:22.035088"], ["password_digest", "$2a$10$DbuYd7ThcA8wt3ApxkLsjuvC6dmW0A6CGtcImdvdPh2/vPNnvef/K"], ["session_token", "d9NOZSLnKJ043HCwfRNmDgB3abqhAU5SKEUs5mxcWOM"], ["updated_at", "2016-08-04 14:35:22.035088"], ["user_name", "dsfdds"]]
  [1m[36m (0.4ms)[0m  [1mCOMMIT[0m
  Rendered user_mailer/welcome_email.html.erb (0.3ms)

UserMailer#welcome_email: processed outbound mail in 130.5ms

Sent mail to dsfdds (15.2ms)
Date: Thu, 04 Aug 2016 07:35:22 -0700
From: everybody@appacademy.io
To: dsfdds
Message-ID: <57a352aa2c65f_32623fedb7b7b0e4597ad@MacBook-Pro.local.mail>
Subject: Welcome!
Mime-Version: 1.0
Content-Type: text/html;
 charset=UTF-8
Content-Transfer-Encoding: 7bit

<!DOCTYPE html>
<html>
  <head>
    <meta content='text/html; charset=UTF-8' http-equiv='Content-Type' />
  </head>
  <body>
    <h1>Welcome to 99cats, dsfdds</h1>
    <p>
      You have successfully signed up to 99cats.
    </p>
    <p>Thanks for joining and have a great day!</p>
  </body>
</html>

  [1m[35m (0.3ms)[0m  BEGIN
  [1m[36mUser Exists (0.6ms)[0m  [1mSELECT  1 AS one FROM "users"  WHERE ("users"."user_name" = 'dsfdds' AND "users"."id" != 1) LIMIT 1[0m
  [1m[35mUser Exists (0.4ms)[0m  SELECT  1 AS one FROM "users"  WHERE ("users"."session_token" = '4zvMXajfdjJ-dLUWV7rB785MMrFLgKVQiRNB9v2DTOI' AND "users"."id" != 1) LIMIT 1
  [1m[36mSQL (0.6ms)[0m  [1mUPDATE "users" SET "session_token" = $1, "updated_at" = $2 WHERE "users"."id" = 1[0m  [["session_token", "4zvMXajfdjJ-dLUWV7rB785MMrFLgKVQiRNB9v2DTOI"], ["updated_at", "2016-08-04 14:35:22.199677"]]
  [1m[35m (0.3ms)[0m  COMMIT
Redirected to http://localhost:3000/cats
Completed 302 Found in 253ms (ActiveRecord: 7.2ms)


Started GET "/cats" for 127.0.0.1 at 2016-08-04 07:35:22 -0700
Processing by CatsController#index as HTML
  [1m[36mCat Load (0.4ms)[0m  [1mSELECT "cats".* FROM "cats"[0m
  Rendered cats/index.html.erb within layouts/application (1.4ms)
  [1m[35mUser Load (0.6ms)[0m  SELECT  "users".* FROM "users"  WHERE "users"."session_token" = '4zvMXajfdjJ-dLUWV7rB785MMrFLgKVQiRNB9v2DTOI' LIMIT 1
  [1m[36mCACHE (0.0ms)[0m  [1mSELECT  "users".* FROM "users"  WHERE "users"."session_token" = '4zvMXajfdjJ-dLUWV7rB785MMrFLgKVQiRNB9v2DTOI' LIMIT 1[0m
Completed 200 OK in 56ms (Views: 54.1ms | ActiveRecord: 0.9ms)


Started GET "/assets/cat_rental_requests.css?body=1" for 127.0.0.1 at 2016-08-04 07:35:22 -0700


Started GET "/assets/cats.css?body=1" for 127.0.0.1 at 2016-08-04 07:35:22 -0700


Started GET "/assets/jquery.js?body=1" for 127.0.0.1 at 2016-08-04 07:35:22 -0700


Started GET "/assets/sessions.css?body=1" for 127.0.0.1 at 2016-08-04 07:35:22 -0700


Started GET "/assets/users.css?body=1" for 127.0.0.1 at 2016-08-04 07:35:22 -0700


Started GET "/assets/application.css?body=1" for 127.0.0.1 at 2016-08-04 07:35:22 -0700


Started GET "/assets/jquery_ujs.js?body=1" for 127.0.0.1 at 2016-08-04 07:35:22 -0700


Started GET "/assets/turbolinks.js?body=1" for 127.0.0.1 at 2016-08-04 07:35:22 -0700


Started GET "/assets/cat_rental_requests.js?body=1" for 127.0.0.1 at 2016-08-04 07:35:22 -0700


Started GET "/assets/cats.js?body=1" for 127.0.0.1 at 2016-08-04 07:35:22 -0700


Started GET "/assets/sessions.js?body=1" for 127.0.0.1 at 2016-08-04 07:35:22 -0700


Started GET "/assets/users.js?body=1" for 127.0.0.1 at 2016-08-04 07:35:22 -0700


Started GET "/assets/application.js?body=1" for 127.0.0.1 at 2016-08-04 07:35:22 -0700
